IQ-TREE multicore version 2.2.5 COVID-edition for Linux 64-bit built Sep 15 2023
Developed by Bui Quang Minh, James Barbetti, Nguyen Lam Tung,
Olga Chernomor, Heiko Schmidt, Dominik Schrempf, Michael Woodhams, Ly Trong Nhan.

Host:    hbcomp-024.hbhpc.ucsc.edu (AVX2, FMA3, 125 GB RAM)
Command: iqtree -s SUPERMATRIX.phylip -m GTR
Seed:    578084 (Using SPRNG - Scalable Parallel Random Number Generator)
Time:    Tue Oct 31 15:45:05 2023
Kernel:  AVX+FMA - 1 threads (24 CPU cores detected)

HINT: Use -nt option to specify number of threads because your CPU has 24 cores!
HINT: -nt AUTO will automatically determine the best number of threads to use.

Reading alignment file SUPERMATRIX.phylip ... Phylip format detected
Alignment most likely contains protein sequences
Constructing alignment: done in 3.27194 secs using 16.79% CPU
Alignment has 12 sequences with 1601011 columns, 108031 distinct patterns
115928 parsimony-informative, 239495 singleton sites, 1245588 constant sites
                                     Gap/Ambiguity  Composition  p-value
Analyzing sequences: done in 0.00636825 secs using 97.97% CPU
   1  busco_assembly_aminor.asm.p_ctg        1.11%    failed      2.65%
   2  busco_assembly_Lmac1_p1.0_genomic      1.71%    failed      2.53%
   3  busco_assembly_Cviol1.0.p_genomic      2.25%    passed     86.42%
   4  busco_assembly_Pgunn1.2_genomic        1.65%    passed     35.88%
   5  busco_assembly_alupus.asm.p_ctg        1.15%    failed      1.46%
   6  busco_assembly_byu.asm.p_ctg           1.14%    passed     99.97%
   7  busco_assembly_Melgel1.1_genomic       1.52%    passed     96.40%
   8  busco_assembly_norway.asm.p_ctg        1.41%    passed     82.15%
   9  busco_assembly_oamb.asm.p_ctg          1.14%    passed     99.98%
  10  busco_assembly_bsig.asm.p_ctg          2.02%    passed     70.75%
  11  busco_assembly_Gacul_UGA_v5_genomic    3.90%    failed      0.00%
  12  busco_assembly_Lpac_genomic            1.21%    passed     99.92%
****  TOTAL                                  1.68%  4 sequences failed composition chi2 test (p-value<5%; df=19)
NOTE: minimal branch length is reduced to 0.000000062461 for long alignment
Checking for duplicate sequences: done in 0.00661738 secs using 96.76% CPU

Create initial parsimony tree by phylogenetic likelihood library (PLL)... 2.088 seconds
ERROR: File not found GTR

******************************************************
CHECKPOINT: Resuming analysis from SUPERMATRIX.phylip.ckp.gz

IQ-TREE multicore version 2.2.5 COVID-edition for Linux 64-bit built Sep 15 2023
Developed by Bui Quang Minh, James Barbetti, Nguyen Lam Tung,
Olga Chernomor, Heiko Schmidt, Dominik Schrempf, Michael Woodhams, Ly Trong Nhan.

Host:    hbcomp-024.hbhpc.ucsc.edu (AVX2, FMA3, 125 GB RAM)
Command: iqtree -s SUPERMATRIX.phylip -m LG4M
Seed:    243672 (Using SPRNG - Scalable Parallel Random Number Generator)
Time:    Tue Oct 31 15:54:35 2023
Kernel:  AVX+FMA - 1 threads (24 CPU cores detected)

HINT: Use -nt option to specify number of threads because your CPU has 24 cores!
HINT: -nt AUTO will automatically determine the best number of threads to use.

WARNING: Command-line argument `LG4M` differs from checkpoint `GTR`
WARNING: Command-line differs from checkpoint!
Reading alignment file SUPERMATRIX.phylip ... Phylip format detected
Alignment most likely contains protein sequences
Constructing alignment: done in 2.83565 secs using 19.1% CPU
Alignment has 12 sequences with 1601011 columns, 108031 distinct patterns
115928 parsimony-informative, 239495 singleton sites, 1245588 constant sites
                                     Gap/Ambiguity  Composition  p-value
Analyzing sequences: done in 0.0196556 secs using 33.83% CPU
   1  busco_assembly_aminor.asm.p_ctg        1.11%    failed      2.65%
   2  busco_assembly_Lmac1_p1.0_genomic      1.71%    failed      2.53%
   3  busco_assembly_Cviol1.0.p_genomic      2.25%    passed     86.42%
   4  busco_assembly_Pgunn1.2_genomic        1.65%    passed     35.88%
   5  busco_assembly_alupus.asm.p_ctg        1.15%    failed      1.46%
   6  busco_assembly_byu.asm.p_ctg           1.14%    passed     99.97%
   7  busco_assembly_Melgel1.1_genomic       1.52%    passed     96.40%
   8  busco_assembly_norway.asm.p_ctg        1.41%    passed     82.15%
   9  busco_assembly_oamb.asm.p_ctg          1.14%    passed     99.98%
  10  busco_assembly_bsig.asm.p_ctg          2.02%    passed     70.75%
  11  busco_assembly_Gacul_UGA_v5_genomic    3.90%    failed      0.00%
  12  busco_assembly_Lpac_genomic            1.21%    passed     99.92%
****  TOTAL                                  1.68%  4 sequences failed composition chi2 test (p-value<5%; df=19)
NOTE: minimal branch length is reduced to 0.000000062461 for long alignment
Checking for duplicate sequences: done in 0.0199092 secs using 34.11% CPU

CHECKPOINT: Initial tree restored
Model LG4M is alias for MIX{LG4M1,LG4M2,LG4M3,LG4M4}*G4

NOTE: 801 MB RAM (0 GB) is required!
Estimate model parameters (epsilon = 0.100)
1. Initial log-likelihood: -8128775.145
2. Current log-likelihood: -8116688.879
3. Current log-likelihood: -8116581.919
Optimal log-likelihood: -8116581.903
Gamma shape alpha: 0.537
Parameters optimization took 3 rounds (116.161 sec)
Wrote distance file to... 
Computing ML distances based on estimated model parameters...
Calculating distance matrix: done in 0.168467 secs using 34.1% CPU
Computing ML distances took 0.192729 sec (of wall-clock time) 0.069732 sec (of CPU time)
Setting up auxiliary I and S matrices: done in 6.83088e-05 secs using 156.6% CPU
Constructing RapidNJ tree: done in 9.17362e-05 secs using 145% CPU
Computing RapidNJ tree took 0.000211 sec (of wall-clock time) 0.000308 sec (of CPU time)
Log-likelihood of RapidNJ tree: -8136351.195
--------------------------------------------------------------------
|             INITIALIZING CANDIDATE TREE SET                      |
--------------------------------------------------------------------
Generating 98 parsimony trees... 121.091 second
Computing log-likelihood of 97 initial trees ... 873.047 seconds
Current best score: -8116581.903

Do NNI search on 20 best initial trees
Optimizing NNI: done in 34.226 secs using 51.1% CPU
Estimate model parameters (epsilon = 0.100)
BETTER TREE FOUND at iteration 1: -8116581.903
Optimizing NNI: done in 62.3445 secs using 47.41% CPU
Optimizing NNI: done in 70.2464 secs using 50.03% CPU
Optimizing NNI: done in 66.9426 secs using 51.9% CPU
Optimizing NNI: done in 83.761 secs using 52.75% CPU
Optimizing NNI: done in 93.6743 secs using 47.45% CPU
Optimizing NNI: done in 84.748 secs using 45.62% CPU
Optimizing NNI: done in 77.9162 secs using 49.6% CPU
Optimizing NNI: done in 83.1089 secs using 48.71% CPU
Optimizing NNI: done in 84.8672 secs using 45.73% CPU
Iteration 10 / LogL: -8116582.130 / Time: 0h:32m:14s
Optimizing NNI: done in 81.9358 secs using 45.45% CPU
Optimizing NNI: done in 63.1394 secs using 45.98% CPU
Optimizing NNI: done in 84.9935 secs using 45.79% CPU
Optimizing NNI: done in 85.4177 secs using 46.45% CPU
Optimizing NNI: done in 141.609 secs using 46.93% CPU
Optimizing NNI: done in 86.5671 secs using 47.57% CPU
Optimizing NNI: done in 87.9383 secs using 45.72% CPU
Optimizing NNI: done in 118.731 secs using 46.61% CPU
Optimizing NNI: done in 121.754 secs using 47.8% CPU
Optimizing NNI: done in 87.3531 secs using 46.84% CPU
Iteration 20 / LogL: -8116599.724 / Time: 0h:48m:34s
Finish initializing candidate tree set (1)
Current best tree score: -8116581.903 / CPU time: 2767.072
Number of iterations: 20
--------------------------------------------------------------------
|               OPTIMIZING CANDIDATE TREE SET                      |
--------------------------------------------------------------------
Optimizing NNI: done in 158.921 secs using 47.43% CPU
Optimizing NNI: done in 63.0409 secs using 54.91% CPU
Optimizing NNI: done in 138.737 secs using 48.22% CPU
Optimizing NNI: done in 121.878 secs using 46.25% CPU
Optimizing NNI: done in 174.044 secs using 46.87% CPU
Optimizing NNI: done in 128.815 secs using 44.1% CPU
Optimizing NNI: done in 86.5172 secs using 45.52% CPU
Optimizing NNI: done in 122.69 secs using 43.86% CPU
Optimizing NNI: done in 119.768 secs using 42.89% CPU
Optimizing NNI: done in 87.5275 secs using 42.3% CPU
Iteration 30 / LogL: -8116586.186 / Time: 1h:8m:59s (2h:48m:55s left)
Optimizing NNI: done in 93.2892 secs using 41.83% CPU
Optimizing NNI: done in 87.7958 secs using 44.52% CPU
Optimizing NNI: done in 92.5974 secs using 42.16% CPU
Optimizing NNI: done in 133.653 secs using 44.15% CPU
Optimizing NNI: done in 89.2554 secs using 43.92% CPU
Optimizing NNI: done in 122.468 secs using 43.02% CPU
Optimizing NNI: done in 128.89 secs using 43.57% CPU
Optimizing NNI: done in 131.019 secs using 43.6% CPU
Optimizing NNI: done in 127.977 secs using 43.21% CPU
Optimizing NNI: done in 130.472 secs using 42.53% CPU
Iteration 40 / LogL: -8116581.984 / Time: 1h:28m:21s (2h:18m:11s left)
Optimizing NNI: done in 132.801 secs using 41.65% CPU
Optimizing NNI: done in 175.854 secs using 40.82% CPU
Optimizing NNI: done in 89.9959 secs using 43.6% CPU
Optimizing NNI: done in 122.629 secs using 44.06% CPU
Optimizing NNI: done in 124.907 secs using 43.66% CPU
Optimizing NNI: done in 134.344 secs using 41.9% CPU
Optimizing NNI: done in 183.508 secs using 41.31% CPU
Optimizing NNI: done in 144.594 secs using 41.91% CPU
Optimizing NNI: done in 145.84 secs using 40.34% CPU
Optimizing NNI: done in 134.915 secs using 40.06% CPU
Iteration 50 / LogL: -8116582.104 / Time: 1h:51m:53s (1h:56m:27s left)
Optimizing NNI: done in 197.88 secs using 41.27% CPU
Optimizing NNI: done in 92.6753 secs using 40.12% CPU
Optimizing NNI: done in 133.276 secs using 41.59% CPU
Optimizing NNI: done in 124.998 secs using 44.09% CPU
Optimizing NNI: done in 134.937 secs using 44.09% CPU
Optimizing NNI: done in 150.567 secs using 43.45% CPU
Optimizing NNI: done in 130.79 secs using 42.05% CPU
Optimizing NNI: done in 110.724 secs using 44.41% CPU
Optimizing NNI: done in 126.785 secs using 41.47% CPU
Optimizing NNI: done in 73.4271 secs using 44.42% CPU
Iteration 60 / LogL: -8116581.903 / Time: 2h:13m:33s (1h:32m:48s left)
Optimizing NNI: done in 140.822 secs using 43.79% CPU
Optimizing NNI: done in 90.9829 secs using 42.5% CPU
Optimizing NNI: done in 136.956 secs using 43.68% CPU
Optimizing NNI: done in 86.4852 secs using 44.79% CPU
Optimizing NNI: done in 88.4048 secs using 43.72% CPU
Optimizing NNI: done in 143.141 secs using 43.62% CPU
Optimizing NNI: done in 93.5844 secs using 42.09% CPU
Optimizing NNI: done in 134.811 secs using 40.85% CPU
Optimizing NNI: done in 145.48 secs using 40.62% CPU
Optimizing NNI: done in 119.504 secs using 42.55% CPU
Iteration 70 / LogL: -8116582.830 / Time: 2h:33m:37s (1h:9m:1s left)
Optimizing NNI: done in 119.769 secs using 42.03% CPU
Optimizing NNI: done in 139.515 secs using 40.98% CPU
Optimizing NNI: done in 198.255 secs using 38.88% CPU
Optimizing NNI: done in 198.628 secs using 39.95% CPU
Optimizing NNI: done in 129.308 secs using 42.36% CPU
Optimizing NNI: done in 104.08 secs using 42.53% CPU
Optimizing NNI: done in 214.068 secs using 40.3% CPU
Optimizing NNI: done in 204.876 secs using 42.26% CPU
Optimizing NNI: done in 235.704 secs using 41.05% CPU
Optimizing NNI: done in 150.322 secs using 40.07% CPU
Iteration 80 / LogL: -8116582.156 / Time: 3h:2m:16s (0h:48m:27s left)
Optimizing NNI: done in 148.281 secs using 41.39% CPU
Optimizing NNI: done in 185.191 secs using 42.65% CPU
Optimizing NNI: done in 138.682 secs using 42.64% CPU
Optimizing NNI: done in 125.638 secs using 43.22% CPU
Optimizing NNI: done in 177.442 secs using 41.91% CPU
Optimizing NNI: done in 74.9608 secs using 44.2% CPU
Optimizing NNI: done in 136.335 secs using 44.23% CPU
Optimizing NNI: done in 93.0007 secs using 41.84% CPU
Optimizing NNI: done in 162.159 secs using 42.33% CPU
Optimizing NNI: done in 125.719 secs using 40.33% CPU
Iteration 90 / LogL: -8116582.312 / Time: 3h:25m:26s (0h:25m:23s left)
Optimizing NNI: done in 140.677 secs using 39.06% CPU
Optimizing NNI: done in 125.687 secs using 40.66% CPU
Optimizing NNI: done in 155.359 secs using 42.41% CPU
Optimizing NNI: done in 157.806 secs using 41.84% CPU
Optimizing NNI: done in 130.563 secs using 40.22% CPU
Optimizing NNI: done in 135.508 secs using 39.76% CPU
Optimizing NNI: done in 141.872 secs using 42.8% CPU
Optimizing NNI: done in 192.118 secs using 41.83% CPU
Optimizing NNI: done in 224.338 secs using 41.76% CPU
Optimizing NNI: done in 173.171 secs using 41.72% CPU
Iteration 100 / LogL: -8116585.172 / Time: 3h:52m:8s (0h:2m:20s left)
Optimizing NNI: done in 89.8483 secs using 43.12% CPU
Optimizing NNI: done in 131.868 secs using 41.07% CPU
TREE SEARCH COMPLETED AFTER 102 ITERATIONS / Time: 3h:55m:54s

--------------------------------------------------------------------
|                    FINALIZING TREE SEARCH                        |
--------------------------------------------------------------------
Performs final model parameters optimization
Estimate model parameters (epsilon = 0.010)
1. Initial log-likelihood: -8116581.903
Optimal log-likelihood: -8116581.903
Gamma shape alpha: 0.537
Parameters optimization took 1 rounds (47.119 sec)
BEST SCORE FOUND : -8116581.903
Total tree length: 0.349

Total number of iterations: 102
CPU time used for tree search: 6150.125 sec (1h:42m:30s)
Wall-clock time used for tree search: 14006.728 sec (3h:53m:26s)
Total CPU time used: 6243.151 sec (1h:44m:3s)
Total wall-clock time used: 14201.740 sec (3h:56m:41s)

Analysis results written to: 
  IQ-TREE report:                SUPERMATRIX.phylip.iqtree
  Maximum-likelihood tree:       SUPERMATRIX.phylip.treefile
  Likelihood distances:          SUPERMATRIX.phylip.mldist
  Screen log file:               SUPERMATRIX.phylip.log

Date and Time: Tue Oct 31 19:51:24 2023
